<?xml version="1.0" encoding="UTF-8"?>
<testng-results skipped="0" failed="0" total="1" passed="1">
  <reporter-output>
  </reporter-output>
  <suite name="Default suite" duration-ms="2053" started-at="2017-04-28T06:29:58Z" finished-at="2017-04-28T06:30:00Z">
    <groups>
    </groups>
    <test name="Default test" duration-ms="2053" started-at="2017-04-28T06:29:58Z" finished-at="2017-04-28T06:30:00Z">
      <class name="com.grp.sample.acceptanceTest.FileParserFT.FileParser_TS1">
        <test-method status="PASS" signature="RESTGet()[pri:0, instance:com.grp.sample.acceptanceTest.FileParserFT.FileParser_TS1@3f49dace]" name="RESTGet" duration-ms="2025" started-at="2017-04-28T11:59:58Z" finished-at="2017-04-28T12:00:00Z">
          <reporter-output>
          </reporter-output>
        </test-method> <!-- RESTGet -->
      </class> <!-- com.grp.sample.acceptanceTest.FileParserFT.FileParser_TS1 -->
    </test> <!-- Default test -->
  </suite> <!-- Default suite -->
</testng-results>
