<?xml version="1.0" encoding="UTF-8"?>
<!-- Generated by org.testng.reporters.JUnitXMLReporter -->
<testsuite hostname="SBHAT00895" name="Test" tests="1" failures="1" timestamp="27 Apr 2017 10:41:46 GMT" time="1.816" errors="0">
  <testcase name="RESTGet" time="1.791" classname="com.grp.sample.acceptanceTest.FileParserFT.FileParser_TS1">
    <failure type="org.junit.ComparisonFailure" message="expected:&amp;lt;... Parser Application [- M]essage entered:Welco...&amp;gt; but was:&amp;lt;... Parser Application [ - m]essage entered:Welco...&amp;gt;">
      <![CDATA[org.junit.ComparisonFailure: expected:<... Parser Application [- M]essage entered:Welco...> but was:<... Parser Application [ - m]essage entered:Welco...>
	at org.junit.Assert.assertEquals(Assert.java:115)
	at org.junit.Assert.assertEquals(Assert.java:144)
	at com.grp.sample.pageObjects.PO_REST.Test_Get1_JSON(PO_REST.java:248)
	at com.grp.sample.acceptanceTest.FileParserFT.FileParser_TS1.RESTGet(FileParser_TS1.java:33)
... Removed 24 stack frames]]>
    </failure>
  </testcase> <!-- RESTGet -->
</testsuite> <!-- Test -->
